#-----------------------------------------------------------
# Vivado v2018.2 (64-bit)
# SW Build 2258646 on Thu Jun 14 20:03:12 MDT 2018
# IP Build 2256618 on Thu Jun 14 22:10:49 MDT 2018
# Start of session at: Thu Sep  1 11:16:23 2022
# Process ID: 26136
# Current directory: D:/Nuthara_N_R/UOM/Academic/Sem 2/CS1050 - Computer Organization and Digital Design/Labs/Lab 09 10/final submission/Lab_10
# Command line: vivado.exe -gui_launcher_event rodinguilauncherevent28804 D:\Nuthara_N_R\UOM\Academic\Sem 2\CS1050 - Computer Organization and Digital Design\Labs\Lab 09 10\final submission\Lab_10\Lab 10.xpr
# Log file: D:/Nuthara_N_R/UOM/Academic/Sem 2/CS1050 - Computer Organization and Digital Design/Labs/Lab 09 10/final submission/Lab_10/vivado.log
# Journal file: D:/Nuthara_N_R/UOM/Academic/Sem 2/CS1050 - Computer Organization and Digital Design/Labs/Lab 09 10/final submission/Lab_10\vivado.jou
#-----------------------------------------------------------
start_gui
open_project {D:/Nuthara_N_R/UOM/Academic/Sem 2/CS1050 - Computer Organization and Digital Design/Labs/Lab 09 10/final submission/Lab_10/Lab 10.xpr}
INFO: [ProjectBase 1-489] The host OS only allows 260 characters in a normal path. The project is stored in a path with more than 80 characters. If you experience issues with IP, Block Designs, or files not being found, please consider moving the project to a location with a shorter path. Alternately consider using the OS subst command to map part of the path to a drive letter.
Current project path is 'D:/Nuthara_N_R/UOM/Academic/Sem 2/CS1050 - Computer Organization and Digital Design/Labs/Lab 09 10/final submission/Lab_10'
INFO: [Project 1-313] Project file moved from 'D:/Gimhan Sandeeptha/Gimhan/Semester 02/Computer Organization and Digital Design/Labs/Lab 10/Lab 10' since last save.
Scanning sources...
Finished scanning sources
INFO: [IP_Flow 19-234] Refreshing IP repositories
INFO: [IP_Flow 19-1704] No user IP repositories specified
INFO: [IP_Flow 19-2313] Loaded Vivado IP repository 'C:/Xilinx/Vivado/2018.2/data/ip'.
open_project: Time (s): cpu = 00:00:11 ; elapsed = 00:00:06 . Memory (MB): peak = 881.133 ; gain = 139.969
update_compile_order -fileset sources_1
launch_runs synth_1 -jobs 4
[Thu Sep  1 11:17:16 2022] Launched synth_1...
Run output will be captured here: D:/Nuthara_N_R/UOM/Academic/Sem 2/CS1050 - Computer Organization and Digital Design/Labs/Lab 09 10/final submission/Lab_10/Lab 10.runs/synth_1/runme.log
exit
INFO: [Common 17-206] Exiting Vivado at Thu Sep  1 11:18:48 2022...
