INFO: [VRFC 10-163] Analyzing VHDL file "D:/Gimhan Sandeeptha/Gimhan/Semester 02/Computer Organization and Digital Design/Labs/Lab 10/Lab 10/Lab 10.srcs/sources_1/imports/new/ALU.vhd" into library xil_defaultlib
INFO: [VRFC 10-307] analyzing entity ALU
INFO: [VRFC 10-163] Analyzing VHDL file "D:/Gimhan Sandeeptha/Gimhan/Semester 02/Computer Organization and Digital Design/Labs/Lab 10/Lab 10/Lab 10.srcs/sources_1/imports/new/BitShifter.vhd" into library xil_defaultlib
INFO: [VRFC 10-307] analyzing entity BitShifter
INFO: [VRFC 10-163] Analyzing VHDL file "D:/Gimhan Sandeeptha/Gimhan/Semester 02/Computer Organization and Digital Design/Labs/Lab 10/Lab 10/Lab 10.srcs/sources_1/imports/new/Bitshiftleft.vhd" into library xil_defaultlib
INFO: [VRFC 10-307] analyzing entity Bitshiftleft
INFO: [VRFC 10-163] Analyzing VHDL file "D:/Gimhan Sandeeptha/Gimhan/Semester 02/Computer Organization and Digital Design/Labs/Lab 10/Lab 10/Lab 10.srcs/sources_1/imports/new/Bitshiftright.vhd" into library xil_defaultlib
INFO: [VRFC 10-307] analyzing entity Bitshiftright
INFO: [VRFC 10-163] Analyzing VHDL file "D:/Gimhan Sandeeptha/Gimhan/Semester 02/Computer Organization and Digital Design/Labs/Lab 10/Lab 10/Lab 10.srcs/sources_1/imports/new/CMP.vhd" into library xil_defaultlib
INFO: [VRFC 10-307] analyzing entity CMP
INFO: [VRFC 10-163] Analyzing VHDL file "D:/Gimhan Sandeeptha/Gimhan/Semester 02/Computer Organization and Digital Design/Labs/Lab 10/Lab 10/Lab 10.srcs/sources_1/imports/new/Combiner.vhd" into library xil_defaultlib
INFO: [VRFC 10-307] analyzing entity Combiner
INFO: [VRFC 10-163] Analyzing VHDL file "D:/Gimhan Sandeeptha/Gimhan/Semester 02/Computer Organization and Digital Design/Labs/Lab 10/Lab 10/Lab 10.srcs/sources_1/imports/new/Combiner_div.vhd" into library xil_defaultlib
INFO: [VRFC 10-307] analyzing entity Combiner_div
INFO: [VRFC 10-163] Analyzing VHDL file "D:/Gimhan Sandeeptha/Gimhan/Semester 02/Computer Organization and Digital Design/Labs/Lab 10/Lab 10/Lab 10.srcs/sources_1/imports/new/DFF.vhd" into library xil_defaultlib
INFO: [VRFC 10-307] analyzing entity DFF
INFO: [VRFC 10-163] Analyzing VHDL file "D:/Gimhan Sandeeptha/Gimhan/Semester 02/Computer Organization and Digital Design/Labs/Lab 10/Lab 10/Lab 10.srcs/sources_1/imports/sources_1/new/Dec_2_to_4.vhd" into library xil_defaultlib
INFO: [VRFC 10-307] analyzing entity Dec_2_to_4
INFO: [VRFC 10-163] Analyzing VHDL file "D:/Gimhan Sandeeptha/Gimhan/Semester 02/Computer Organization and Digital Design/Labs/Lab 10/Lab 10/Lab 10.srcs/sources_1/imports/sources_1/new/Dec_3_to_8.vhd" into library xil_defaultlib
INFO: [VRFC 10-307] analyzing entity Dec_3_to_8
INFO: [VRFC 10-163] Analyzing VHDL file "D:/Gimhan Sandeeptha/Gimhan/Semester 02/Computer Organization and Digital Design/Labs/Lab 10/Lab 10/Lab 10.srcs/sources_1/imports/sources_1/imports/new/Decoder_2_to_4.vhd" into library xil_defaultlib
INFO: [VRFC 10-307] analyzing entity Decoder_2_to_4
INFO: [VRFC 10-163] Analyzing VHDL file "D:/Gimhan Sandeeptha/Gimhan/Semester 02/Computer Organization and Digital Design/Labs/Lab 10/Lab 10/Lab 10.srcs/sources_1/imports/sources_1/imports/new/Decoder_3_to_8.vhd" into library xil_defaultlib
INFO: [VRFC 10-307] analyzing entity Decoder_3_to_8
INFO: [VRFC 10-163] Analyzing VHDL file "D:/Gimhan Sandeeptha/Gimhan/Semester 02/Computer Organization and Digital Design/Labs/Lab 10/Lab 10/Lab 10.srcs/sources_1/imports/new/Divider.vhd" into library xil_defaultlib
INFO: [VRFC 10-307] analyzing entity Divider
INFO: [VRFC 10-163] Analyzing VHDL file "D:/Gimhan Sandeeptha/Gimhan/Semester 02/Computer Organization and Digital Design/Labs/Lab 10/Lab 10/Lab 10.srcs/sources_1/imports/new/Divider_1bit.vhd" into library xil_defaultlib
INFO: [VRFC 10-307] analyzing entity Divider_1bit
INFO: [VRFC 10-163] Analyzing VHDL file "D:/Gimhan Sandeeptha/Gimhan/Semester 02/Computer Organization and Digital Design/Labs/Lab 10/Lab 10/Lab 10.srcs/sources_1/imports/new/FA.vhd" into library xil_defaultlib
INFO: [VRFC 10-307] analyzing entity FA
INFO: [VRFC 10-163] Analyzing VHDL file "D:/Gimhan Sandeeptha/Gimhan/Semester 02/Computer Organization and Digital Design/Labs/Lab 10/Lab 10/Lab 10.srcs/sources_1/imports/new/HA.vhd" into library xil_defaultlib
INFO: [VRFC 10-307] analyzing entity HA
INFO: [VRFC 10-163] Analyzing VHDL file "D:/Gimhan Sandeeptha/Gimhan/Semester 02/Computer Organization and Digital Design/Labs/Lab 10/Lab 10/Lab 10.srcs/sources_1/imports/new/INS_DECO2.vhd" into library xil_defaultlib
INFO: [VRFC 10-307] analyzing entity INS_DECO2
INFO: [VRFC 10-163] Analyzing VHDL file "D:/Gimhan Sandeeptha/Gimhan/Semester 02/Computer Organization and Digital Design/Labs/Lab 10/Lab 10/Lab 10.srcs/sources_1/imports/new/Inverter.vhd" into library xil_defaultlib
INFO: [VRFC 10-307] analyzing entity Inverter
INFO: [VRFC 10-163] Analyzing VHDL file "D:/Gimhan Sandeeptha/Gimhan/Semester 02/Computer Organization and Digital Design/Labs/Lab 10/Lab 10/Lab 10.srcs/sources_1/imports/sources_1/imports/sources_1/new/MUX_1_to_2.vhd" into library xil_defaultlib
INFO: [VRFC 10-307] analyzing entity MUX_1_to_2
INFO: [VRFC 10-163] Analyzing VHDL file "D:/Gimhan Sandeeptha/Gimhan/Semester 02/Computer Organization and Digital Design/Labs/Lab 10/Lab 10/Lab 10.srcs/sources_1/imports/new/MUX_2_8.vhd" into library xil_defaultlib
INFO: [VRFC 10-307] analyzing entity MUX_2_8
INFO: [VRFC 10-163] Analyzing VHDL file "D:/Gimhan Sandeeptha/Gimhan/Semester 02/Computer Organization and Digital Design/Labs/Lab 10/Lab 10/Lab 10.srcs/sources_1/imports/new/MUX_2_WAY_4bit.vhd" into library xil_defaultlib
INFO: [VRFC 10-307] analyzing entity MUX_2_WAY_4bit
INFO: [VRFC 10-163] Analyzing VHDL file "D:/Gimhan Sandeeptha/Gimhan/Semester 02/Computer Organization and Digital Design/Labs/Lab 10/Lab 10/Lab 10.srcs/sources_1/imports/sources_1/new/MUX_2_to_1.vhd" into library xil_defaultlib
INFO: [VRFC 10-307] analyzing entity MUX_2_to_1
INFO: [VRFC 10-163] Analyzing VHDL file "D:/Gimhan Sandeeptha/Gimhan/Semester 02/Computer Organization and Digital Design/Labs/Lab 10/Lab 10/Lab 10.srcs/sources_1/imports/sources_1/imports/sources_1/new/MUX_2_way_4_bit.vhd" into library xil_defaultlib
INFO: [VRFC 10-307] analyzing entity MUX_2_way_4_bit
INFO: [VRFC 10-163] Analyzing VHDL file "D:/Gimhan Sandeeptha/Gimhan/Semester 02/Computer Organization and Digital Design/Labs/Lab 10/Lab 10/Lab 10.srcs/sources_1/imports/sources_1/new/MUX_2_way_8_bit.vhd" into library xil_defaultlib
INFO: [VRFC 10-307] analyzing entity MUX_2_way_8_bit
INFO: [VRFC 10-163] Analyzing VHDL file "D:/Gimhan Sandeeptha/Gimhan/Semester 02/Computer Organization and Digital Design/Labs/Lab 10/Lab 10/Lab 10.srcs/sources_1/imports/new/MUX_2_way_8bit.vhd" into library xil_defaultlib
INFO: [VRFC 10-307] analyzing entity MUX_2_way_8bit
INFO: [VRFC 10-163] Analyzing VHDL file "D:/Gimhan Sandeeptha/Gimhan/Semester 02/Computer Organization and Digital Design/Labs/Lab 10/Lab 10/Lab 10.srcs/sources_1/imports/new/MUX_4_8.vhd" into library xil_defaultlib
INFO: [VRFC 10-307] analyzing entity MUX_4_8
INFO: [VRFC 10-163] Analyzing VHDL file "D:/Gimhan Sandeeptha/Gimhan/Semester 02/Computer Organization and Digital Design/Labs/Lab 10/Lab 10/Lab 10.srcs/sources_1/imports/new/MUX_8_8.vhd" into library xil_defaultlib
INFO: [VRFC 10-307] analyzing entity MUX_8_8
INFO: [VRFC 10-163] Analyzing VHDL file "D:/Gimhan Sandeeptha/Gimhan/Semester 02/Computer Organization and Digital Design/Labs/Lab 10/Lab 10/Lab 10.srcs/sources_1/imports/sources_1/new/MUX_8_way_8_bit.vhd" into library xil_defaultlib
INFO: [VRFC 10-307] analyzing entity MUX_8_way_8_bit
INFO: [VRFC 10-163] Analyzing VHDL file "D:/Gimhan Sandeeptha/Gimhan/Semester 02/Computer Organization and Digital Design/Labs/Lab 10/Lab 10/Lab 10.srcs/sources_1/imports/new/Multiplier.vhd" into library xil_defaultlib
INFO: [VRFC 10-307] analyzing entity Multiplier
INFO: [VRFC 10-163] Analyzing VHDL file "D:/Gimhan Sandeeptha/Gimhan/Semester 02/Computer Organization and Digital Design/Labs/Lab 10/Lab 10/Lab 10.srcs/sources_1/imports/sources_1/imports/new/Mux_8_to_1.vhd" into library xil_defaultlib
INFO: [VRFC 10-307] analyzing entity Mux_8_to_1
INFO: [VRFC 10-163] Analyzing VHDL file "D:/Gimhan Sandeeptha/Gimhan/Semester 02/Computer Organization and Digital Design/Labs/Lab 10/Lab 10/Lab 10.srcs/sources_1/new/NanoProcessorLower.vhd" into library xil_defaultlib
INFO: [VRFC 10-307] analyzing entity NanoProcessorLower
INFO: [VRFC 10-163] Analyzing VHDL file "D:/Gimhan Sandeeptha/Gimhan/Semester 02/Computer Organization and Digital Design/Labs/Lab 10/Lab 10/Lab 10.srcs/sources_1/new/NanoProcessorUpper.vhd" into library xil_defaultlib
INFO: [VRFC 10-307] analyzing entity NanoProcessorUpper
INFO: [VRFC 10-163] Analyzing VHDL file "D:/Gimhan Sandeeptha/Gimhan/Semester 02/Computer Organization and Digital Design/Labs/Lab 10/Lab 10/Lab 10.srcs/sources_1/imports/new/PROM.vhd" into library xil_defaultlib
INFO: [VRFC 10-307] analyzing entity PROM
INFO: [VRFC 10-163] Analyzing VHDL file "D:/Gimhan Sandeeptha/Gimhan/Semester 02/Computer Organization and Digital Design/Labs/Lab 10/Lab 10/Lab 10.srcs/sources_1/imports/new/Power.vhd" into library xil_defaultlib
INFO: [VRFC 10-307] analyzing entity Power
INFO: [VRFC 10-163] Analyzing VHDL file "D:/Gimhan Sandeeptha/Gimhan/Semester 02/Computer Organization and Digital Design/Labs/Lab 10/Lab 10/Lab 10.srcs/sources_1/imports/new/Prog_counter.vhd" into library xil_defaultlib
INFO: [VRFC 10-307] analyzing entity Prog_counter
INFO: [VRFC 10-163] Analyzing VHDL file "D:/Gimhan Sandeeptha/Gimhan/Semester 02/Computer Organization and Digital Design/Labs/Lab 10/Lab 10/Lab 10.srcs/sources_1/imports/new/RCA.vhd" into library xil_defaultlib
INFO: [VRFC 10-307] analyzing entity RCA
INFO: [VRFC 10-163] Analyzing VHDL file "D:/Gimhan Sandeeptha/Gimhan/Semester 02/Computer Organization and Digital Design/Labs/Lab 10/Lab 10/Lab 10.srcs/sources_1/imports/new/RCA8bit.vhd" into library xil_defaultlib
INFO: [VRFC 10-307] analyzing entity RCA8bit
INFO: [VRFC 10-163] Analyzing VHDL file "D:/Gimhan Sandeeptha/Gimhan/Semester 02/Computer Organization and Digital Design/Labs/Lab 10/Lab 10/Lab 10.srcs/sources_1/new/RCA_4.vhd" into library xil_defaultlib
INFO: [VRFC 10-307] analyzing entity RCA_4
INFO: [VRFC 10-163] Analyzing VHDL file "D:/Gimhan Sandeeptha/Gimhan/Semester 02/Computer Organization and Digital Design/Labs/Lab 10/Lab 10/Lab 10.srcs/sources_1/imports/new/RCA_8bit.vhd" into library xil_defaultlib
INFO: [VRFC 10-307] analyzing entity RCA_8bit
INFO: [VRFC 10-163] Analyzing VHDL file "D:/Gimhan Sandeeptha/Gimhan/Semester 02/Computer Organization and Digital Design/Labs/Lab 10/Lab 10/Lab 10.srcs/sources_1/imports/sources_1/imports/new/Reg.vhd" into library xil_defaultlib
INFO: [VRFC 10-307] analyzing entity Reg
INFO: [VRFC 10-163] Analyzing VHDL file "D:/Gimhan Sandeeptha/Gimhan/Semester 02/Computer Organization and Digital Design/Labs/Lab 10/Lab 10/Lab 10.srcs/sources_1/imports/sources_1/new/RegBank.vhd" into library xil_defaultlib
INFO: [VRFC 10-307] analyzing entity RegBank
INFO: [VRFC 10-163] Analyzing VHDL file "D:/Gimhan Sandeeptha/Gimhan/Semester 02/Computer Organization and Digital Design/Labs/Lab 10/Lab 10/Lab 10.srcs/sources_1/imports/sources_1/new/Reset.vhd" into library xil_defaultlib
INFO: [VRFC 10-307] analyzing entity Reset
INFO: [VRFC 10-163] Analyzing VHDL file "D:/Gimhan Sandeeptha/Gimhan/Semester 02/Computer Organization and Digital Design/Labs/Lab 10/Lab 10/Lab 10.srcs/sources_1/imports/new/Reseter.vhd" into library xil_defaultlib
INFO: [VRFC 10-307] analyzing entity Reseter
INFO: [VRFC 10-163] Analyzing VHDL file "D:/Gimhan Sandeeptha/Gimhan/Semester 02/Computer Organization and Digital Design/Labs/Lab 10/Lab 10/Lab 10.srcs/sources_1/imports/new/Slow_Clk.vhd" into library xil_defaultlib
INFO: [VRFC 10-307] analyzing entity Slow_Clk
INFO: [VRFC 10-163] Analyzing VHDL file "D:/Gimhan Sandeeptha/Gimhan/Semester 02/Computer Organization and Digital Design/Labs/Lab 10/Lab 10/Lab 10.srcs/sources_1/imports/new/TWISTER.vhd" into library xil_defaultlib
INFO: [VRFC 10-307] analyzing entity TWISTER
INFO: [VRFC 10-163] Analyzing VHDL file "D:/Gimhan Sandeeptha/Gimhan/Semester 02/Computer Organization and Digital Design/Labs/Lab 10/Lab 10/Lab 10.srcs/sources_1/imports/new/signed_divider.vhd" into library xil_defaultlib
INFO: [VRFC 10-307] analyzing entity signed_divider
INFO: [VRFC 10-163] Analyzing VHDL file "D:/Gimhan Sandeeptha/Gimhan/Semester 02/Computer Organization and Digital Design/Labs/Lab 10/Lab 10/Lab 10.srcs/sources_1/imports/new/validator.vhd" into library xil_defaultlib
INFO: [VRFC 10-307] analyzing entity validator
INFO: [VRFC 10-163] Analyzing VHDL file "D:/Gimhan Sandeeptha/Gimhan/Semester 02/Computer Organization and Digital Design/Labs/Lab 10/Lab 10/Lab 10.srcs/sources_1/new/NanoProcessor.vhd" into library xil_defaultlib
INFO: [VRFC 10-307] analyzing entity NanoProcessor
